<?xml version="1.0" encoding="UTF-8"?>
<!-- Generated by org.testng.reporters.JUnitReportReporter -->
<testsuite hostname="DESKTOP-KH05F5J" failures="0" tests="1" name="com.obs.tests.LoginTest" time="14.865" errors="0" timestamp="2024-12-24T12:14:23 IST" skipped="0">
  <testcase classname="com.obs.tests.LoginTest" name="verifyLogin" time="14.865"/>
</testsuite> <!-- com.obs.tests.LoginTest -->
